\BOOKMARK [0][-]{chapter.1}{Introduction}{}% 1
\BOOKMARK [1][-]{section.1.1}{Overview of course}{chapter.1}% 2
\BOOKMARK [1][-]{section.1.2}{Brief history of computer science}{chapter.1}% 3
\BOOKMARK [1][-]{section.1.3}{Components of a computer}{chapter.1}% 4
\BOOKMARK [2][-]{subsection.1.3.1}{Hardware}{section.1.3}% 5
\BOOKMARK [2][-]{subsection.1.3.2}{Software}{section.1.3}% 6
\BOOKMARK [2][-]{subsection.1.3.3}{Data}{section.1.3}% 7
\BOOKMARK [2][-]{subsection.1.3.4}{Users}{section.1.3}% 8
\BOOKMARK [1][-]{section.1.4}{Types of computers}{chapter.1}% 9
\BOOKMARK [2][-]{subsection.1.4.1}{Supercomputers}{section.1.4}% 10
\BOOKMARK [2][-]{subsection.1.4.2}{Mainframe computers}{section.1.4}% 11
\BOOKMARK [2][-]{subsection.1.4.3}{Personal computers}{section.1.4}% 12
\BOOKMARK [2][-]{subsection.1.4.4}{Embedded computers}{section.1.4}% 13
\BOOKMARK [2][-]{subsection.1.4.5}{Mobile computers}{section.1.4}% 14
\BOOKMARK [1][-]{section.1.5}{Why computers are useful}{chapter.1}% 15
\BOOKMARK [0][-]{chapter.2}{Hardware}{}% 16
\BOOKMARK [1][-]{section.2.1}{Input and Output Devices}{chapter.2}% 17
\BOOKMARK [1][-]{section.2.2}{Memory}{chapter.2}% 18
\BOOKMARK [1][-]{section.2.3}{Central Processing Unit}{chapter.2}% 19
\BOOKMARK [1][-]{section.2.4}{Conclusion}{chapter.2}% 20
\BOOKMARK [0][-]{chapter.3}{Arrays}{}% 21
\BOOKMARK [1][-]{section.3.1}{Creating arrays}{chapter.3}% 22
\BOOKMARK [1][-]{section.3.2}{Indexing}{chapter.3}% 23
\BOOKMARK [1][-]{section.3.3}{Array length}{chapter.3}% 24
\BOOKMARK [1][-]{section.3.4}{Default initialization}{chapter.3}% 25
\BOOKMARK [1][-]{section.3.5}{Bounds checking}{chapter.3}% 26
\BOOKMARK [1][-]{section.3.6}{Empty arrays}{chapter.3}% 27
\BOOKMARK [1][-]{section.3.7}{Enhanced for loop}{chapter.3}% 28
\BOOKMARK [1][-]{section.3.8}{Exchanging and shuffling}{chapter.3}% 29
\BOOKMARK [0][-]{chapter.4}{ArrayLists}{}% 30
